1453 [restartedMain] INFO  c.e.s.ShopSpringApplication
                – Starting ShopSpringApplication using Java 12.0.2 on DESKTOP-J8OKANM with PID 8916 (C:\Users\Алексей\java-3-semester-master\shop-spring\target\classes started by Aleksey in C:\Users\Алексей\java-3-semester-master\shop-spring)
1468 [restartedMain] INFO  c.e.s.ShopSpringApplication
                – No active profile set, falling back to default profiles: default
1546 [restartedMain] INFO  o.s.b.d.e.DevToolsPropertyDefaultsPostProcessor
                – Devtools property defaults active! Set 'spring.devtools.add-properties' to 'false' to disable
1546 [restartedMain] INFO  o.s.b.d.e.DevToolsPropertyDefaultsPostProcessor
                – For additional web related logging consider setting the 'logging.level.web' property to 'DEBUG'
2359 [restartedMain] INFO  o.s.d.r.c.RepositoryConfigurationDelegate
                – Bootstrapping Spring Data JPA repositories in DEFAULT mode.
2469 [restartedMain] INFO  o.s.d.r.c.RepositoryConfigurationDelegate
                – Finished Spring Data repository scanning in 100 ms. Found 2 JPA repository interfaces.
3328 [restartedMain] INFO  o.s.b.w.e.tomcat.TomcatWebServer
                – Tomcat initialized with port(s): 8080 (http)
3344 [restartedMain] INFO  o.a.coyote.http11.Http11NioProtocol
                – Initializing ProtocolHandler ["http-nio-8080"]
3344 [restartedMain] INFO  o.a.catalina.core.StandardService
                – Starting service [Tomcat]
3344 [restartedMain] INFO  o.a.catalina.core.StandardEngine
                – Starting Servlet engine: [Apache Tomcat/9.0.45]
3469 [restartedMain] INFO  o.a.c.c.C.[Tomcat].[localhost].[/]
                – Initializing Spring embedded WebApplicationContext
3469 [restartedMain] INFO  o.s.b.w.s.c.ServletWebServerApplicationContext
                – Root WebApplicationContext: initialization completed in 1923 ms
3656 [restartedMain] INFO  com.zaxxer.hikari.HikariDataSource
                – HikariPool-1 - Starting...
3938 [restartedMain] INFO  com.zaxxer.hikari.HikariDataSource
                – HikariPool-1 - Start completed.
3984 [restartedMain] INFO  o.h.jpa.internal.util.LogHelper
                – HHH000204: Processing PersistenceUnitInfo [name: default]
4047 [restartedMain] INFO  org.hibernate.Version
                – HHH000412: Hibernate ORM core version 5.4.30.Final
4297 [restartedMain] INFO  o.h.annotations.common.Version
                – HCANN000001: Hibernate Commons Annotations {5.1.2.Final}
4500 [restartedMain] INFO  org.hibernate.dialect.Dialect
                – HHH000400: Using dialect: org.hibernate.dialect.PostgreSQL10Dialect
5484 [restartedMain] INFO  o.h.e.t.j.p.i.JtaPlatformInitiator
                – HHH000490: Using JtaPlatform implementation: [org.hibernate.engine.transaction.jta.platform.internal.NoJtaPlatform]
5500 [restartedMain] INFO  o.s.o.j.LocalContainerEntityManagerFactoryBean
                – Initialized JPA EntityManagerFactory for persistence unit 'default'
6016 [restartedMain] WARN  o.s.b.a.o.j.JpaBaseConfiguration$JpaWebConfiguration
                – spring.jpa.open-in-view is enabled by default. Therefore, database queries may be performed during view rendering. Explicitly configure spring.jpa.open-in-view to disable this warning
6234 [restartedMain] INFO  o.s.s.c.ThreadPoolTaskExecutor
                – Initializing ExecutorService 'applicationTaskExecutor'
6500 [restartedMain] INFO  o.s.b.d.a.OptionalLiveReloadServer
                – LiveReload server is running on port 35729
6516 [restartedMain] INFO  o.a.coyote.http11.Http11NioProtocol
                – Starting ProtocolHandler ["http-nio-8080"]
6531 [restartedMain] INFO  o.s.b.w.e.tomcat.TomcatWebServer
                – Tomcat started on port(s): 8080 (http) with context path ''
6547 [restartedMain] INFO  c.e.s.ShopSpringApplication
                – Started ShopSpringApplication in 5.858 seconds (JVM running for 8.677)
44589 [http-nio-8080-exec-1] INFO  o.a.c.c.C.[Tomcat].[localhost].[/]
                – Initializing Spring DispatcherServlet 'dispatcherServlet'
44589 [http-nio-8080-exec-1] INFO  o.s.web.servlet.DispatcherServlet
                – Initializing Servlet 'dispatcherServlet'
44589 [http-nio-8080-exec-1] INFO  o.s.web.servlet.DispatcherServlet
                – Completed initialization in 0 ms
44719 [http-nio-8080-exec-1] INFO  c.e.shopspring.aspects.LogAspect
                – Parameters: com.example.shopspring.representations.Product@a2b4974a
44741 [http-nio-8080-exec-1] INFO  c.e.s.services.ProductService
                – find market by product com.example.shopspring.representations.Product@a2b4974a
44998 [http-nio-8080-exec-1] INFO  c.e.shopspring.aspects.LogAspect
                – Market com.example.shopspring.services.ProductService.getMarketByProduct(Product) выполнен за 273мс
2110 [restartedMain] INFO  c.e.s.ShopSpringApplication
                – Starting ShopSpringApplication using Java 12.0.2 on DESKTOP-J8OKANM with PID 1232 (C:\Users\Алексей\java-3-semester-master\shop-spring\target\classes started by Aleksey in C:\Users\Алексей\java-3-semester-master\shop-spring)
2110 [restartedMain] INFO  c.e.s.ShopSpringApplication
                – No active profile set, falling back to default profiles: default
2297 [restartedMain] INFO  o.s.b.d.e.DevToolsPropertyDefaultsPostProcessor
                – Devtools property defaults active! Set 'spring.devtools.add-properties' to 'false' to disable
2313 [restartedMain] INFO  o.s.b.d.e.DevToolsPropertyDefaultsPostProcessor
                – For additional web related logging consider setting the 'logging.level.web' property to 'DEBUG'
3719 [restartedMain] INFO  o.s.d.r.c.RepositoryConfigurationDelegate
                – Bootstrapping Spring Data JPA repositories in DEFAULT mode.
3860 [restartedMain] INFO  o.s.d.r.c.RepositoryConfigurationDelegate
                – Finished Spring Data repository scanning in 130 ms. Found 2 JPA repository interfaces.
4938 [restartedMain] INFO  o.s.b.w.e.tomcat.TomcatWebServer
                – Tomcat initialized with port(s): 8080 (http)
4953 [restartedMain] INFO  o.a.coyote.http11.Http11NioProtocol
                – Initializing ProtocolHandler ["http-nio-8080"]
4953 [restartedMain] INFO  o.a.catalina.core.StandardService
                – Starting service [Tomcat]
4953 [restartedMain] INFO  o.a.catalina.core.StandardEngine
                – Starting Servlet engine: [Apache Tomcat/9.0.45]
5110 [restartedMain] INFO  o.a.c.c.C.[Tomcat].[localhost].[/]
                – Initializing Spring embedded WebApplicationContext
5110 [restartedMain] INFO  o.s.b.w.s.c.ServletWebServerApplicationContext
                – Root WebApplicationContext: initialization completed in 2797 ms
5281 [restartedMain] INFO  com.zaxxer.hikari.HikariDataSource
                – HikariPool-1 - Starting...
5625 [restartedMain] INFO  com.zaxxer.hikari.HikariDataSource
                – HikariPool-1 - Start completed.
5719 [restartedMain] INFO  o.h.jpa.internal.util.LogHelper
                – HHH000204: Processing PersistenceUnitInfo [name: default]
5828 [restartedMain] INFO  org.hibernate.Version
                – HHH000412: Hibernate ORM core version 5.4.30.Final
6188 [restartedMain] INFO  o.h.annotations.common.Version
                – HCANN000001: Hibernate Commons Annotations {5.1.2.Final}
6469 [restartedMain] INFO  org.hibernate.dialect.Dialect
                – HHH000400: Using dialect: org.hibernate.dialect.PostgreSQL10Dialect
7625 [restartedMain] INFO  o.h.e.t.j.p.i.JtaPlatformInitiator
                – HHH000490: Using JtaPlatform implementation: [org.hibernate.engine.transaction.jta.platform.internal.NoJtaPlatform]
7656 [restartedMain] INFO  o.s.o.j.LocalContainerEntityManagerFactoryBean
                – Initialized JPA EntityManagerFactory for persistence unit 'default'
8313 [restartedMain] WARN  o.s.b.a.o.j.JpaBaseConfiguration$JpaWebConfiguration
                – spring.jpa.open-in-view is enabled by default. Therefore, database queries may be performed during view rendering. Explicitly configure spring.jpa.open-in-view to disable this warning
8532 [restartedMain] INFO  o.s.s.c.ThreadPoolTaskExecutor
                – Initializing ExecutorService 'applicationTaskExecutor'
8860 [restartedMain] INFO  o.s.b.d.a.OptionalLiveReloadServer
                – LiveReload server is running on port 35729
8891 [restartedMain] INFO  o.a.coyote.http11.Http11NioProtocol
                – Starting ProtocolHandler ["http-nio-8080"]
8922 [restartedMain] INFO  o.s.b.w.e.tomcat.TomcatWebServer
                – Tomcat started on port(s): 8080 (http) with context path ''
8938 [restartedMain] INFO  c.e.s.ShopSpringApplication
                – Started ShopSpringApplication in 7.979 seconds (JVM running for 11.848)
14235 [http-nio-8080-exec-2] INFO  o.a.c.c.C.[Tomcat].[localhost].[/]
                – Initializing Spring DispatcherServlet 'dispatcherServlet'
14235 [http-nio-8080-exec-2] INFO  o.s.web.servlet.DispatcherServlet
                – Initializing Servlet 'dispatcherServlet'
14235 [http-nio-8080-exec-2] INFO  o.s.web.servlet.DispatcherServlet
                – Completed initialization in 0 ms
14376 [http-nio-8080-exec-2] INFO  c.e.shopspring.aspects.LogAspect
                – Parameters: Product{, name='chocolate', price=100.99}
14407 [http-nio-8080-exec-2] INFO  c.e.s.services.ProductService
                – find market by product Product{, name='chocolate', price=100.99}
14688 [http-nio-8080-exec-2] INFO  c.e.shopspring.aspects.LogAspect
                – Market com.example.shopspring.services.ProductService.getMarketByProduct(Product) выполнен за 312мс
